AndroidExample/build/outputs/logs/manifest-merger-release-report.txt
-- Merging decision tree log ---
manifest
ADDED from ofxOfelia/AndroidExample/AndroidManifest.xml:2:1-34:12
INJECTED from ofxOfelia/AndroidExample/AndroidManifest.xml:2:1-34:12
INJECTED from ofxOfelia/AndroidExample/AndroidManifest.xml:2:1-34:12
MERGED from [:ofAndroidLib] AndroidManifest.xml:2:1-11:12
INJECTED from ofxOfelia/AndroidExample/AndroidManifest.xml:2:1-34:12
INJECTED from ofxOfelia/AndroidExample/AndroidManifest.xml:2:1-34:12
	package
		ADDED from ofxOfelia/AndroidExample/AndroidManifest.xml:3:5-47
	android:versionName
		ADDED from ofxOfelia/AndroidExample/AndroidManifest.xml:5:5-30
		INJECTED from ofxOfelia/AndroidExample/AndroidManifest.xml
		INJECTED from ofxOfelia/AndroidExample/AndroidManifest.xml
	xmlns:android
		ADDED from ofxOfelia/AndroidExample/AndroidManifest.xml:2:11-69
	android:versionCode
		ADDED from ofxOfelia/AndroidExample/AndroidManifest.xml:4:5-28
		INJECTED from ofxOfelia/AndroidExample/AndroidManifest.xml
		INJECTED from ofxOfelia/AndroidExample/AndroidManifest.xml
	android:installLocation
		ADDED from ofxOfelia/AndroidExample/AndroidManifest.xml:6:5-45
uses-sdk
ADDED from ofxOfelia/AndroidExample/AndroidManifest.xml:8:5-10:41
INJECTED from ofxOfelia/AndroidExample/AndroidManifest.xml:8:5-10:41
INJECTED from ofxOfelia/AndroidExample/AndroidManifest.xml:8:5-10:41
MERGED from [:ofAndroidLib] AndroidManifest.xml:7:5-9:41
MERGED from [:ofAndroidLib] AndroidManifest.xml:7:5-9:41
INJECTED from ofxOfelia/AndroidExample/AndroidManifest.xml:8:5-10:41
INJECTED from ofxOfelia/AndroidExample/AndroidManifest.xml:8:5-10:41
	android:targetSdkVersion
		ADDED from ofxOfelia/AndroidExample/AndroidManifest.xml:10:9-38
		INJECTED from ofxOfelia/AndroidExample/AndroidManifest.xml
		INJECTED from ofxOfelia/AndroidExample/AndroidManifest.xml
	android:minSdkVersion
		ADDED from ofxOfelia/AndroidExample/AndroidManifest.xml:9:9-34
		INJECTED from ofxOfelia/AndroidExample/AndroidManifest.xml
		INJECTED from ofxOfelia/AndroidExample/AndroidManifest.xml
uses-permission#android.permission.WRITE_EXTERNAL_STORAGE
ADDED from ofxOfelia/AndroidExample/AndroidManifest.xml:12:5-81
	android:name
		ADDED from ofxOfelia/AndroidExample/AndroidManifest.xml:12:22-78
uses-permission#android.permission.RECORD_AUDIO
ADDED from ofxOfelia/AndroidExample/AndroidManifest.xml:13:5-71
	android:name
		ADDED from ofxOfelia/AndroidExample/AndroidManifest.xml:13:22-68
application
ADDED from ofxOfelia/AndroidExample/AndroidManifest.xml:15:5-32:19
	android:label
		ADDED from ofxOfelia/AndroidExample/AndroidManifest.xml:18:9-41
	android:icon
		ADDED from ofxOfelia/AndroidExample/AndroidManifest.xml:17:9-45
	android:allowBackup
		ADDED from ofxOfelia/AndroidExample/AndroidManifest.xml:16:9-35
	android:theme
		ADDED from ofxOfelia/AndroidExample/AndroidManifest.xml:19:9-40
activity#cc.openframeworks.AndroidExample.OFActivity
ADDED from ofxOfelia/AndroidExample/AndroidManifest.xml:20:9-31:20
	android:screenOrientation
		ADDED from ofxOfelia/AndroidExample/AndroidManifest.xml:23:13-57
	android:label
		ADDED from ofxOfelia/AndroidExample/AndroidManifest.xml:22:13-45
	android:configChanges
		ADDED from ofxOfelia/AndroidExample/AndroidManifest.xml:24:13-59
	android:theme
		ADDED from ofxOfelia/AndroidExample/AndroidManifest.xml:25:13-71
	android:name
		ADDED from ofxOfelia/AndroidExample/AndroidManifest.xml:21:13-39
intent-filter#android.intent.action.MAIN+android.intent.category.LAUNCHER
ADDED from ofxOfelia/AndroidExample/AndroidManifest.xml:26:13-30:29
action#android.intent.action.MAIN
ADDED from ofxOfelia/AndroidExample/AndroidManifest.xml:27:17-69
	android:name
		ADDED from ofxOfelia/AndroidExample/AndroidManifest.xml:27:25-66
category#android.intent.category.LAUNCHER
ADDED from ofxOfelia/AndroidExample/AndroidManifest.xml:29:17-77
	android:name
		ADDED from ofxOfelia/AndroidExample/AndroidManifest.xml:29:27-74